<?xml version="1.0" encoding="UTF-8"?>
<!-- Generated by org.testng.reporters.JUnitXMLReporter -->
<testsuite hostname="PC-80" ignored="1" name="Rest" tests="3" failures="0" timestamp="28 Feb 2022 19:58:56 GMT" time="0.074" errors="0">
  <testcase name="EduloanApproved" time="0.018" classname="test.FourthClass"/>
  <testcase name="PersonalloanApproved" time="0.001" classname="test.FourthClass"/>
  <testcase name="CarloanApproved" time="0.002" classname="test.FourthClass"/>
  <testcase name="HomeloanApproved" time="0.0" classname="test.FourthClass">
    <ignored/>
  </testcase> <!-- HomeloanApproved -->
</testsuite> <!-- Rest -->
