<?xml version="1.0" encoding="UTF-8"?>
<!-- Generated by org.testng.reporters.JUnitXMLReporter -->
<testsuite hostname="PC-80" ignored="2" name="loan" tests="6" failures="0" timestamp="28 Feb 2022 17:43:00 GMT" time="0.032" errors="0">
  <testcase name="Carloan" time="0.003" classname="test.ThirdClass"/>
  <testcase name="Eduloan" time="0.001" classname="test.ThirdClass"/>
  <testcase name="Personalloan" time="0.001" classname="test.ThirdClass"/>
  <testcase name="CarloanApproved" time="0.003" classname="test.FourthClass"/>
  <testcase name="EduloanApproved" time="0.002" classname="test.FourthClass"/>
  <testcase name="HomeloanApproved" time="0.001" classname="test.FourthClass"/>
  <testcase name="Homeloan" time="0.0" classname="test.ThirdClass">
    <ignored/>
  </testcase> <!-- Homeloan -->
  <testcase name="PersonalloanApproved" time="0.0" classname="test.FourthClass">
    <ignored/>
  </testcase> <!-- PersonalloanApproved -->
</testsuite> <!-- loan -->
