<?xml version="1.0" encoding="UTF-8"?>
<!-- Generated by org.testng.reporters.JUnitXMLReporter -->
<testsuite hostname="PC-80" ignored="2" name="loan" tests="6" failures="0" timestamp="08 Mar 2022 14:57:30 GMT" time="0.038" errors="0">
  <testcase name="Carloan" time="0.002" classname="test.ThirdClass"/>
  <testcase name="Eduloan" time="0.001" classname="test.ThirdClass"/>
  <testcase name="Homeloan" time="0.001" classname="test.ThirdClass"/>
  <testcase name="EduloanApproved" time="0.007" classname="test.FourthClass"/>
  <testcase name="HomeloanApproved" time="0.002" classname="test.FourthClass"/>
  <testcase name="CarloanApproved" time="0.001" classname="test.FourthClass"/>
  <testcase name="PersonalloanApproved" time="0.0" classname="test.FourthClass">
    <ignored/>
  </testcase> <!-- PersonalloanApproved -->
  <testcase name="Personalloan" time="0.0" classname="test.ThirdClass">
    <ignored/>
  </testcase> <!-- Personalloan -->
</testsuite> <!-- loan -->
