<?xml version="1.0" encoding="UTF-8"?>
<!-- Generated by org.testng.reporters.JUnitXMLReporter -->
<testsuite hostname="PC-80" ignored="0" name="Rest" tests="5" failures="1" timestamp="08 Mar 2022 14:57:29 GMT" time="0.092" errors="0">
  <testcase name="FCmethod" time="0.013" classname="test.FirstClass">
    <failure type="java.lang.AssertionError" message="expected [true] but found [false]">
      <![CDATA[java.lang.AssertionError: expected [true] but found [false]
at test.FirstClass.FCmethod(FirstClass.java:14)
... Removed 29 stack frames]]>
    </failure>
  </testcase> <!-- FCmethod -->
  <testcase name="FCmethod1" time="0.002" classname="test.FirstClass"/>
  <testcase name="FCmethod1" time="0.002" classname="test.FirstClass"/>
  <testcase name="FCmethod1" time="0.002" classname="test.FirstClass"/>
  <testcase name="SCmethod" time="0.002" classname="test.SecondClass"/>
</testsuite> <!-- Rest -->
